1612805465770	geckodriver	INFO	Listening on 127.0.0.1:46361
1612805465784	mozrunner::runner	INFO	Running command: "/usr/bin/firefox" "--marionette" "-headless" "-foreground" "-no-remote" "-profile" "/tmp/rust_mozprofileaUDNvF"
*** You are running in headless mode.

(firefox:3823): GLib-GObject-WARNING **: 23:01:07.319: invalid (NULL) pointer instance

(firefox:3823): GLib-GObject-CRITICAL **: 23:01:07.319: g_signal_connect_data: assertion 'G_TYPE_CHECK_INSTANCE (instance)' failed

(/usr/lib/firefox/firefox:3932): GLib-GObject-WARNING **: 23:01:08.396: invalid (NULL) pointer instance

(/usr/lib/firefox/firefox:3932): GLib-GObject-CRITICAL **: 23:01:08.396: g_signal_connect_data: assertion 'G_TYPE_CHECK_INSTANCE (instance)' failed

(/usr/lib/firefox/firefox:3953): GLib-GObject-WARNING **: 23:01:08.592: invalid (NULL) pointer instance

(/usr/lib/firefox/firefox:3953): GLib-GObject-CRITICAL **: 23:01:08.592: g_signal_connect_data: assertion 'G_TYPE_CHECK_INSTANCE (instance)' failed
console.warn: SearchSettings: "get: No settings file exists, new profile?" (new Error("", "(unknown module)"))

(/usr/lib/firefox/firefox:4034): GLib-GObject-WARNING **: 23:01:10.080: invalid (NULL) pointer instance

(/usr/lib/firefox/firefox:4034): GLib-GObject-CRITICAL **: 23:01:10.080: g_signal_connect_data: assertion 'G_TYPE_CHECK_INSTANCE (instance)' failed
1612805470113	Marionette	INFO	Listening on port 38959
1612805470257	Marionette	WARN	TLS certificate errors will be ignored for this session
console.error: Region.jsm: "Error fetching region" (new Error("TIMEOUT", "resource://gre/modules/Region.jsm", 726))
console.error: Region.jsm: "Failed to fetch region" (new Error("TIMEOUT", "resource://gre/modules/Region.jsm", 376))
JavaScript error: , line 0: TypeError: NetworkError when attempting to fetch resource.
JavaScript error: , line 0: NotFoundError: No such JSWindowActor 'MarionetteEvents'
JavaScript error: , line 0: NotFoundError: No such JSWindowActor 'MarionetteEvents'
JavaScript warning: https://pagead2.googlesyndication.com/bg/NfBvN2IaB2lIHpuX1Tj6vqvRxGdIefAIMlAGXnl0yjo.js line 1 > eval line 6024 > eval line 1 > eval, line 1: WebGL warning: <Create>: Can't use WebGL in headless mode (https://bugzil.la/1375585).
JavaScript warning: https://pagead2.googlesyndication.com/bg/NfBvN2IaB2lIHpuX1Tj6vqvRxGdIefAIMlAGXnl0yjo.js line 1 > eval line 6024 > eval line 1 > eval, line 1: Failed to create WebGL context: WebGL creation failed: 
* Can't use WebGL in headless mode (https://bugzil.la/1375585).
JavaScript error: , line 0: NotFoundError: No such JSWindowActor 'MarionetteEvents'
JavaScript error: , line 0: NotFoundError: No such JSWindowActor 'MarionetteEvents'
JavaScript warning: https://pagead2.googlesyndication.com/bg/NfBvN2IaB2lIHpuX1Tj6vqvRxGdIefAIMlAGXnl0yjo.js line 1 > eval line 2718 > eval line 1 > eval, line 1: WebGL warning: <Create>: Can't use WebGL in headless mode (https://bugzil.la/1375585).
JavaScript warning: https://pagead2.googlesyndication.com/bg/NfBvN2IaB2lIHpuX1Tj6vqvRxGdIefAIMlAGXnl0yjo.js line 1 > eval line 2718 > eval line 1 > eval, line 1: Failed to create WebGL context: WebGL creation failed: 
* Can't use WebGL in headless mode (https://bugzil.la/1375585).
JavaScript error: , line 0: NotFoundError: No such JSWindowActor 'MarionetteEvents'
JavaScript error: , line 0: NotFoundError: No such JSWindowActor 'MarionetteEvents'
Exiting due to channel error.
Exiting due to channel error.
Exiting due to channel error.
